# JRE version: OpenJDK Runtime Environment (8.0_242-b01) (build 1.8.0_242-release-1644-b01)
# Java VM: OpenJDK 64-Bit Server VM (25.242-b01 mixed mode windows-amd64 compressed oops)
Heap:
 PSYoungGen      total 514560K, used 221547K [0x00000000d5580000, 0x00000000fb380000, 0x0000000100000000)
  eden space 429056K, 38% used [0x00000000d5580000,0x00000000df8c8898,0x00000000ef880000)
  from space 85504K, 65% used [0x00000000ef880000,0x00000000f2ec7328,0x00000000f4c00000)
  to   space 79360K, 0% used [0x00000000f4c00000,0x00000000f4c00000,0x00000000f9980000)
 ParOldGen       total 227840K, used 138529K [0x0000000080000000, 0x000000008de80000, 0x00000000d5580000)
  object space 227840K, 60% used [0x0000000080000000,0x00000000887487f8,0x000000008de80000)
 Metaspace       used 157697K, capacity 166212K, committed 166448K, reserved 1193984K
  class space    used 19703K, capacity 21290K, committed 21296K, reserved 1048576K
GC Heap History (10 events):
Event: 17212.014 GC heap before
{Heap before GC invocations=46 (full 5):
 PSYoungGen      total 454144K, used 454134K [0x00000000d5580000, 0x00000000f8e80000, 0x0000000100000000)
  eden space 393216K, 100% used [0x00000000d5580000,0x00000000ed580000,0x00000000ed580000)
  from space 60928K, 99% used [0x00000000f1b80000,0x00000000f56fdb48,0x00000000f5700000)
  to   space 71680K, 0% used [0x00000000ed580000,0x00000000ed580000,0x00000000f1b80000)
 ParOldGen       total 227840K, used 119910K [0x0000000080000000, 0x000000008de80000, 0x00000000d5580000)
  object space 227840K, 52% used [0x0000000080000000,0x0000000087519810,0x000000008de80000)
 Metaspace       used 157474K, capacity 165962K, committed 166192K, reserved 1193984K
  class space    used 19698K, capacity 21285K, committed 21296K, reserved 1048576K
Event: 17212.082 GC heap after
Heap after GC invocations=46 (full 5):
 PSYoungGen      total 464896K, used 66122K [0x00000000d5580000, 0x00000000f9980000, 0x0000000100000000)
  eden space 393216K, 0% used [0x00000000d5580000,0x00000000d5580000,0x00000000ed580000)
  from space 71680K, 92% used [0x00000000ed580000,0x00000000f1612a80,0x00000000f1b80000)
  to   space 79360K, 0% used [0x00000000f4c00000,0x00000000f4c00000,0x00000000f9980000)
 ParOldGen       total 227840K, used 122273K [0x0000000080000000, 0x000000008de80000, 0x00000000d5580000)
  object space 227840K, 53% used [0x0000000080000000,0x0000000087768570,0x000000008de80000)
 Metaspace       used 157474K, capacity 165962K, committed 166192K, reserved 1193984K
  class space    used 19698K, capacity 21285K, committed 21296K, reserved 1048576K
}
Event: 17212.930 GC heap before
{Heap before GC invocations=47 (full 5):
 PSYoungGen      total 464896K, used 459338K [0x00000000d5580000, 0x00000000f9980000, 0x0000000100000000)
  eden space 393216K, 100% used [0x00000000d5580000,0x00000000ed580000,0x00000000ed580000)
  from space 71680K, 92% used [0x00000000ed580000,0x00000000f1612a80,0x00000000f1b80000)
  to   space 79360K, 0% used [0x00000000f4c00000,0x00000000f4c00000,0x00000000f9980000)
 ParOldGen       total 227840K, used 122273K [0x0000000080000000, 0x000000008de80000, 0x00000000d5580000)
  object space 227840K, 53% used [0x0000000080000000,0x0000000087768570,0x000000008de80000)
 Metaspace       used 157555K, capacity 166050K, committed 166192K, reserved 1193984K
  class space    used 19699K, capacity 21287K, committed 21296K, reserved 1048576K
Event: 17213.022 GC heap after
Heap after GC invocations=47 (full 5):
 PSYoungGen      total 508416K, used 65903K [0x00000000d5580000, 0x00000000fb380000, 0x0000000100000000)
  eden space 429056K, 0% used [0x00000000d5580000,0x00000000d5580000,0x00000000ef880000)
  from space 79360K, 83% used [0x00000000f4c00000,0x00000000f8c5bcd8,0x00000000f9980000)
  to   space 85504K, 0% used [0x00000000ef880000,0x00000000ef880000,0x00000000f4c00000)
 ParOldGen       total 227840K, used 122497K [0x0000000080000000, 0x000000008de80000, 0x00000000d5580000)
  object space 227840K, 53% used [0x0000000080000000,0x00000000877a0580,0x000000008de80000)
 Metaspace       used 157555K, capacity 166050K, committed 166192K, reserved 1193984K
  class space    used 19699K, capacity 21287K, committed 21296K, reserved 1048576K
}
Event: 17214.358 GC heap before
{Heap before GC invocations=48 (full 5):
 PSYoungGen      total 508416K, used 494959K [0x00000000d5580000, 0x00000000fb380000, 0x0000000100000000)
  eden space 429056K, 100% used [0x00000000d5580000,0x00000000ef880000,0x00000000ef880000)
  from space 79360K, 83% used [0x00000000f4c00000,0x00000000f8c5bcd8,0x00000000f9980000)
  to   space 85504K, 0% used [0x00000000ef880000,0x00000000ef880000,0x00000000f4c00000)
 ParOldGen       total 227840K, used 122497K [0x0000000080000000, 0x000000008de80000, 0x00000000d5580000)
  object space 227840K, 53% used [0x0000000080000000,0x00000000877a0580,0x000000008de80000)
 Metaspace       used 157615K, capacity 166120K, committed 166192K, reserved 1193984K
  class space    used 19700K, capacity 21288K, committed 21296K, reserved 1048576K
Event: 17214.416 GC heap after
Heap after GC invocations=48 (full 5):
 PSYoungGen      total 514560K, used 49371K [0x00000000d5580000, 0x00000000fb380000, 0x0000000100000000)
  eden space 429056K, 0% used [0x00000000d5580000,0x00000000d5580000,0x00000000ef880000)
  from space 85504K, 57% used [0x00000000ef880000,0x00000000f28b6d90,0x00000000f4c00000)
  to   space 79360K, 0% used [0x00000000f4c00000,0x00000000f4c00000,0x00000000f9980000)
 ParOldGen       total 227840K, used 138105K [0x0000000080000000, 0x000000008de80000, 0x00000000d5580000)
  object space 227840K, 60% used [0x0000000080000000,0x00000000886de7e8,0x000000008de80000)
 Metaspace       used 157615K, capacity 166120K, committed 166192K, reserved 1193984K
  class space    used 19700K, capacity 21288K, committed 21296K, reserved 1048576K
}
Event: 17215.416 GC heap before
{Heap before GC invocations=49 (full 5):
 PSYoungGen      total 514560K, used 478427K [0x00000000d5580000, 0x00000000fb380000, 0x0000000100000000)
  eden space 429056K, 100% used [0x00000000d5580000,0x00000000ef880000,0x00000000ef880000)
  from space 85504K, 57% used [0x00000000ef880000,0x00000000f28b6d90,0x00000000f4c00000)
  to   space 79360K, 0% used [0x00000000f4c00000,0x00000000f4c00000,0x00000000f9980000)
 ParOldGen       total 227840K, used 138105K [0x0000000080000000, 0x000000008de80000, 0x00000000d5580000)
  object space 227840K, 60% used [0x0000000080000000,0x00000000886de7e8,0x000000008de80000)
 Metaspace       used 157651K, capacity 166134K, committed 166192K, reserved 1193984K
  class space    used 19700K, capacity 21289K, committed 21296K, reserved 1048576K
Event: 17215.475 GC heap after
Heap after GC invocations=49 (full 5):
 PSYoungGen      total 508416K, used 48148K [0x00000000d5580000, 0x00000000fb380000, 0x0000000100000000)
  eden space 429056K, 0% used [0x00000000d5580000,0x00000000d5580000,0x00000000ef880000)
  from space 79360K, 60% used [0x00000000f4c00000,0x00000000f7b05178,0x00000000f9980000)
  to   space 85504K, 0% used [0x00000000ef880000,0x00000000ef880000,0x00000000f4c00000)
 ParOldGen       total 227840K, used 138233K [0x0000000080000000, 0x000000008de80000, 0x00000000d5580000)
  object space 227840K, 60% used [0x0000000080000000,0x00000000886fe7e8,0x000000008de80000)
 Metaspace       used 157651K, capacity 166134K, committed 166192K, reserved 1193984K
  class space    used 19700K, capacity 21289K, committed 21296K, reserved 1048576K
}
Event: 17216.564 GC heap before
{Heap before GC invocations=50 (full 5):
 PSYoungGen      total 508416K, used 477204K [0x00000000d5580000, 0x00000000fb380000, 0x0000000100000000)
  eden space 429056K, 100% used [0x00000000d5580000,0x00000000ef880000,0x00000000ef880000)
  from space 79360K, 60% used [0x00000000f4c00000,0x00000000f7b05178,0x00000000f9980000)
  to   space 85504K, 0% used [0x00000000ef880000,0x00000000ef880000,0x00000000f4c00000)
 ParOldGen       total 227840K, used 138233K [0x0000000080000000, 0x000000008de80000, 0x00000000d5580000)
  object space 227840K, 60% used [0x0000000080000000,0x00000000886fe7e8,0x000000008de80000)
 Metaspace       used 157686K, capacity 166208K, committed 166448K, reserved 1193984K
  class space    used 19703K, capacity 21290K, committed 21296K, reserved 1048576K
Event: 17216.614 GC heap after
Heap after GC invocations=50 (full 5):
 PSYoungGen      total 514560K, used 55580K [0x00000000d5580000, 0x00000000fb380000, 0x0000000100000000)
  eden space 429056K, 0% used [0x00000000d5580000,0x00000000d5580000,0x00000000ef880000)
  from space 85504K, 65% used [0x00000000ef880000,0x00000000f2ec7328,0x00000000f4c00000)
  to   space 79360K, 0% used [0x00000000f4c00000,0x00000000f4c00000,0x00000000f9980000)
 ParOldGen       total 227840K, used 138529K [0x0000000080000000, 0x000000008de80000, 0x00000000d5580000)
  object space 227840K, 60% used [0x0000000080000000,0x00000000887487f8,0x000000008de80000)
 Metaspace       used 157686K, capacity 166208K, committed 166448K, reserved 1193984K
  class space    used 19703K, capacity 21290K, committed 21296K, reserved 1048576K
}

