# JRE version: OpenJDK Runtime Environment (8.0_242-b01) (build 1.8.0_242-release-1644-b01)
# Java VM: OpenJDK 64-Bit Server VM (25.242-b01 mixed mode windows-amd64 compressed oops)
Heap:
 PSYoungGen      total 609792K, used 132087K [0x00000000d5580000, 0x0000000100000000, 0x0000000100000000)
  eden space 557056K, 23% used [0x00000000d5580000,0x00000000dd67de28,0x00000000f7580000)
  from space 52736K, 0% used [0x00000000fb580000,0x00000000fb580000,0x00000000fe900000)
  to   space 65536K, 0% used [0x00000000f7580000,0x00000000f7580000,0x00000000fb580000)
 ParOldGen       total 247296K, used 106137K [0x0000000080000000, 0x000000008f180000, 0x00000000d5580000)
  object space 247296K, 42% used [0x0000000080000000,0x00000000867a6788,0x000000008f180000)
 Metaspace       used 130150K, capacity 135932K, committed 136344K, reserved 1167360K
  class space    used 16870K, capacity 17971K, committed 18096K, reserved 1048576K
GC Heap History (10 events):
Event: 32.614 GC heap before
{Heap before GC invocations=29 (full 4):
 PSYoungGen      total 489984K, used 32738K [0x00000000d5580000, 0x00000000fb380000, 0x0000000100000000)
  eden space 457216K, 0% used [0x00000000d5580000,0x00000000d5580000,0x00000000f1400000)
  from space 32768K, 99% used [0x00000000f1400000,0x00000000f33f89c0,0x00000000f3400000)
  to   space 45568K, 0% used [0x00000000f8700000,0x00000000f8700000,0x00000000fb380000)
 ParOldGen       total 139776K, used 126293K [0x0000000080000000, 0x0000000088880000, 0x00000000d5580000)
  object space 139776K, 90% used [0x0000000080000000,0x0000000087b55660,0x0000000088880000)
 Metaspace       used 74656K, capacity 80186K, committed 80424K, reserved 1118208K
  class space    used 10325K, capacity 11311K, committed 11312K, reserved 1048576K
Event: 33.398 GC heap after
Heap after GC invocations=29 (full 4):
 PSYoungGen      total 489984K, used 0K [0x00000000d5580000, 0x00000000fb380000, 0x0000000100000000)
  eden space 457216K, 0% used [0x00000000d5580000,0x00000000d5580000,0x00000000f1400000)
  from space 32768K, 0% used [0x00000000f1400000,0x00000000f1400000,0x00000000f3400000)
  to   space 45568K, 0% used [0x00000000f8700000,0x00000000f8700000,0x00000000fb380000)
 ParOldGen       total 247296K, used 95630K [0x0000000080000000, 0x000000008f180000, 0x00000000d5580000)
  object space 247296K, 38% used [0x0000000080000000,0x0000000085d63998,0x000000008f180000)
 Metaspace       used 73694K, capacity 77476K, committed 80424K, reserved 1118208K
  class space    used 10001K, capacity 10740K, committed 11312K, reserved 1048576K
}
Event: 490.580 GC heap before
{Heap before GC invocations=30 (full 4):
 PSYoungGen      total 489984K, used 457216K [0x00000000d5580000, 0x00000000fb380000, 0x0000000100000000)
  eden space 457216K, 100% used [0x00000000d5580000,0x00000000f1400000,0x00000000f1400000)
  from space 32768K, 0% used [0x00000000f1400000,0x00000000f1400000,0x00000000f3400000)
  to   space 45568K, 0% used [0x00000000f8700000,0x00000000f8700000,0x00000000fb380000)
 ParOldGen       total 247296K, used 95630K [0x0000000080000000, 0x000000008f180000, 0x00000000d5580000)
  object space 247296K, 38% used [0x0000000080000000,0x0000000085d63998,0x000000008f180000)
 Metaspace       used 89271K, capacity 93466K, committed 95272K, reserved 1132544K
  class space    used 11852K, capacity 12641K, committed 13104K, reserved 1048576K
Event: 491.030 GC heap after
Heap after GC invocations=30 (full 4):
 PSYoungGen      total 560640K, used 45562K [0x00000000d5580000, 0x00000000fb880000, 0x0000000100000000)
  eden space 515072K, 0% used [0x00000000d5580000,0x00000000d5580000,0x00000000f4c80000)
  from space 45568K, 99% used [0x00000000f8700000,0x00000000fb37e968,0x00000000fb380000)
  to   space 55296K, 0% used [0x00000000f4c80000,0x00000000f4c80000,0x00000000f8280000)
 ParOldGen       total 247296K, used 99584K [0x0000000080000000, 0x000000008f180000, 0x00000000d5580000)
  object space 247296K, 40% used [0x0000000080000000,0x0000000086140238,0x000000008f180000)
 Metaspace       used 89271K, capacity 93466K, committed 95272K, reserved 1132544K
  class space    used 11852K, capacity 12641K, committed 13104K, reserved 1048576K
}
Event: 722.447 GC heap before
{Heap before GC invocations=31 (full 4):
 PSYoungGen      total 560640K, used 560634K [0x00000000d5580000, 0x00000000fb880000, 0x0000000100000000)
  eden space 515072K, 100% used [0x00000000d5580000,0x00000000f4c80000,0x00000000f4c80000)
  from space 45568K, 99% used [0x00000000f8700000,0x00000000fb37e968,0x00000000fb380000)
  to   space 55296K, 0% used [0x00000000f4c80000,0x00000000f4c80000,0x00000000f8280000)
 ParOldGen       total 247296K, used 99584K [0x0000000080000000, 0x000000008f180000, 0x00000000d5580000)
  object space 247296K, 40% used [0x0000000080000000,0x0000000086140238,0x000000008f180000)
 Metaspace       used 90662K, capacity 95410K, committed 96296K, reserved 1132544K
  class space    used 11939K, capacity 12815K, committed 13104K, reserved 1048576K
Event: 722.508 GC heap after
Heap after GC invocations=31 (full 4):
 PSYoungGen      total 570368K, used 11265K [0x00000000d5580000, 0x00000000fe900000, 0x0000000100000000)
  eden space 515072K, 0% used [0x00000000d5580000,0x00000000d5580000,0x00000000f4c80000)
  from space 55296K, 20% used [0x00000000f4c80000,0x00000000f5780610,0x00000000f8280000)
  to   space 52736K, 0% used [0x00000000fb580000,0x00000000fb580000,0x00000000fe900000)
 ParOldGen       total 247296K, used 109689K [0x0000000080000000, 0x000000008f180000, 0x00000000d5580000)
  object space 247296K, 44% used [0x0000000080000000,0x0000000086b1e760,0x000000008f180000)
 Metaspace       used 90662K, capacity 95410K, committed 96296K, reserved 1132544K
  class space    used 11939K, capacity 12815K, committed 13104K, reserved 1048576K
}
Event: 731.350 GC heap before
{Heap before GC invocations=32 (full 4):
 PSYoungGen      total 570368K, used 340756K [0x00000000d5580000, 0x00000000fe900000, 0x0000000100000000)
  eden space 515072K, 63% used [0x00000000d5580000,0x00000000e9744cf0,0x00000000f4c80000)
  from space 55296K, 20% used [0x00000000f4c80000,0x00000000f5780610,0x00000000f8280000)
  to   space 52736K, 0% used [0x00000000fb580000,0x00000000fb580000,0x00000000fe900000)
 ParOldGen       total 247296K, used 109689K [0x0000000080000000, 0x000000008f180000, 0x00000000d5580000)
  object space 247296K, 44% used [0x0000000080000000,0x0000000086b1e760,0x000000008f180000)
 Metaspace       used 128129K, capacity 133858K, committed 134040K, reserved 1165312K
  class space    used 16685K, capacity 17789K, committed 17840K, reserved 1048576K
Event: 731.952 GC heap after
Heap after GC invocations=32 (full 4):
 PSYoungGen      total 609792K, used 52732K [0x00000000d5580000, 0x0000000100000000, 0x0000000100000000)
  eden space 557056K, 0% used [0x00000000d5580000,0x00000000d5580000,0x00000000f7580000)
  from space 52736K, 99% used [0x00000000fb580000,0x00000000fe8ff390,0x00000000fe900000)
  to   space 65536K, 0% used [0x00000000f7580000,0x00000000f7580000,0x00000000fb580000)
 ParOldGen       total 247296K, used 117931K [0x0000000080000000, 0x000000008f180000, 0x00000000d5580000)
  object space 247296K, 47% used [0x0000000080000000,0x000000008732af80,0x000000008f180000)
 Metaspace       used 128129K, capacity 133858K, committed 134040K, reserved 1165312K
  class space    used 16685K, capacity 17789K, committed 17840K, reserved 1048576K
}
Event: 731.956 GC heap before
{Heap before GC invocations=33 (full 5):
 PSYoungGen      total 609792K, used 52732K [0x00000000d5580000, 0x0000000100000000, 0x0000000100000000)
  eden space 557056K, 0% used [0x00000000d5580000,0x00000000d5580000,0x00000000f7580000)
  from space 52736K, 99% used [0x00000000fb580000,0x00000000fe8ff390,0x00000000fe900000)
  to   space 65536K, 0% used [0x00000000f7580000,0x00000000f7580000,0x00000000fb580000)
 ParOldGen       total 247296K, used 117931K [0x0000000080000000, 0x000000008f180000, 0x00000000d5580000)
  object space 247296K, 47% used [0x0000000080000000,0x000000008732af80,0x000000008f180000)
 Metaspace       used 128129K, capacity 133858K, committed 134040K, reserved 1165312K
  class space    used 16685K, capacity 17789K, committed 17840K, reserved 1048576K
Event: 733.209 GC heap after
Heap after GC invocations=33 (full 5):
 PSYoungGen      total 609792K, used 0K [0x00000000d5580000, 0x0000000100000000, 0x0000000100000000)
  eden space 557056K, 0% used [0x00000000d5580000,0x00000000d5580000,0x00000000f7580000)
  from space 52736K, 0% used [0x00000000fb580000,0x00000000fb580000,0x00000000fe900000)
  to   space 65536K, 0% used [0x00000000f7580000,0x00000000f7580000,0x00000000fb580000)
 ParOldGen       total 247296K, used 106137K [0x0000000080000000, 0x000000008f180000, 0x00000000d5580000)
  object space 247296K, 42% used [0x0000000080000000,0x00000000867a6788,0x000000008f180000)
 Metaspace       used 128080K, capacity 133718K, committed 134040K, reserved 1165312K
  class space    used 16669K, capacity 17761K, committed 17840K, reserved 1048576K
}

